Build started 2/2/2012 12:22:36 AM.
     1>Project "C:\Users\Milan\documents\visual studio 2010\Projects\SDL_tutorial\SDL_tutorial\SDL_tutorial.vcxproj" on node 2 (build target(s)).
     1>InitializeBuildStatus:
         Creating "Debug\SDL_tutorial.unsuccessfulbuild" because "AlwaysCreate" was specified.
       ClCompile:
         C:\Program Files (x86)\Microsoft Visual Studio 10.0\VC\bin\CL.exe /c /ZI /nologo /W3 /WX- /Od /Oy- /D _MBCS /Gm /EHsc /RTC1 /MDd /GS /fp:precise /Zc:wchar_t /Zc:forScope /Fo"Debug\\" /Fd"Debug\vc100.pdb" /Gd /TP /analyze- /errorReport:prompt main.cpp
         main.cpp
       Link:
         C:\Program Files (x86)\Microsoft Visual Studio 10.0\VC\bin\link.exe /ERRORREPORT:PROMPT /OUT:"C:\Users\Milan\documents\visual studio 2010\Projects\SDL_tutorial\Debug\SDL_tutorial.exe" /NOLOGO SDL.lib SDLmain.lib SDL_image.lib SDL_ttf.lib SDL_mixer.lib kernel32.lib user32.lib gdi32.lib winspool.lib comdlg32.lib advapi32.lib shell32.lib ole32.lib oleaut32.lib uuid.lib odbc32.lib odbccp32.lib /MANIFEST /ManifestFile:"Debug\SDL_tutorial.exe.intermediate.manifest" /MANIFESTUAC:"level='asInvoker' uiAccess='false'" /DEBUG /PDB:"C:\Users\Milan\documents\visual studio 2010\Projects\SDL_tutorial\Debug\SDL_tutorial.pdb" /SUBSYSTEM:WINDOWS /TLBID:1 /DYNAMICBASE /NXCOMPAT /IMPLIB:"C:\Users\Milan\documents\visual studio 2010\Projects\SDL_tutorial\Debug\SDL_tutorial.lib" /MACHINE:X86 Debug\main.obj
         LINK : C:\Users\Milan\documents\visual studio 2010\Projects\SDL_tutorial\Debug\SDL_tutorial.exe not found or not built by the last incremental link; performing full link
     1>MSVCRTD.lib(cinitexe.obj) : warning LNK4098: defaultlib 'msvcrt.lib' conflicts with use of other libs; use /NODEFAULTLIB:library
         SDL_tutorial.vcxproj -> C:\Users\Milan\documents\visual studio 2010\Projects\SDL_tutorial\Debug\SDL_tutorial.exe
       Manifest:
         C:\Program Files (x86)\Microsoft SDKs\Windows\v7.0A\bin\mt.exe /nologo /verbose /outputresource:"C:\Users\Milan\documents\visual studio 2010\Projects\SDL_tutorial\Debug\SDL_tutorial.exe;#1" /manifest Debug\SDL_tutorial.exe.intermediate.manifest
       FinalizeBuildStatus:
         Deleting file "Debug\SDL_tutorial.unsuccessfulbuild".
         Touching "Debug\SDL_tutorial.lastbuildstate".
     1>Done Building Project "C:\Users\Milan\documents\visual studio 2010\Projects\SDL_tutorial\SDL_tutorial\SDL_tutorial.vcxproj" (build target(s)).

Build succeeded.

Time Elapsed 00:00:00.73
